Using pre-set license
Built from '2020.3/staging' branch; Version is '2020.3.29f1 (2ff179115da0) revision 3142009'; Using compiler version '192528614'; Build Type 'Release'
OS: 'Windows 10  (10.0.19044) 64bit Professional' Language: 'ru' Physical Memory: 16264 MB
BatchMode: 1, IsHumanControllingUs: 0, StartBugReporterOnCrash: 0, Is64bit: 1, IsPro: 0

COMMAND LINE ARGUMENTS:
C:\Program Files\Unity\Hub\Editor\2020.3.29f1\Editor\Unity.exe
-adb2
-batchMode
-noUpm
-name
AssetImportWorker0
-projectPath
C:/GitHub/SpaceShipRun
-logFile
Logs/AssetImportWorker0.log
-srvPort
53166
Successfully changed project path to: C:/GitHub/SpaceShipRun
C:/GitHub/SpaceShipRun
Using Asset Import Pipeline V2.
Refreshing native plugins compatible for Editor in 44.80 ms, found 2 plugins.
Preloading 0 native plugins for Editor in 0.00 ms.
Initialize engine version: 2020.3.29f1 (2ff179115da0)
[Subsystems] Discovering subsystems at path C:/Program Files/Unity/Hub/Editor/2020.3.29f1/Editor/Data/Resources/UnitySubsystems
[Subsystems] Discovering subsystems at path C:/GitHub/SpaceShipRun/Assets
GfxDevice: creating device client; threaded=0
Direct3D:
    Version:  Direct3D 11.0 [level 11.0]
    Renderer: NVIDIA Quadro M600M (ID=0x13b2)
    Vendor:   
    VRAM:     2007 MB
    Driver:   30.0.14.7334
Initialize mono
Mono path[0] = 'C:/Program Files/Unity/Hub/Editor/2020.3.29f1/Editor/Data/Managed'
Mono path[1] = 'C:/Program Files/Unity/Hub/Editor/2020.3.29f1/Editor/Data/MonoBleedingEdge/lib/mono/unityjit'
Mono config path = 'C:/Program Files/Unity/Hub/Editor/2020.3.29f1/Editor/Data/MonoBleedingEdge/etc'
Using monoOptions --debugger-agent=transport=dt_socket,embedding=1,server=y,suspend=n,address=127.0.0.1:56700
Begin MonoManager ReloadAssembly
Registering precompiled unity dll's ...
Register platform support module: C:/Program Files/Unity/Hub/Editor/2020.3.29f1/Editor/Data/PlaybackEngines/WindowsStandaloneSupport/UnityEditor.WindowsStandalone.Extensions.dll
Registered in 0.003319 seconds.
Native extension for WindowsStandalone target not found
Refreshing native plugins compatible for Editor in 38.24 ms, found 2 plugins.
Preloading 0 native plugins for Editor in 0.00 ms.
Mono: successfully reloaded assembly
- Completed reload, in  0.727 seconds
Domain Reload Profiling:
	ReloadAssembly (728ms)
		BeginReloadAssembly (91ms)
			ExecutionOrderSort (0ms)
			DisableScriptedObjects (0ms)
			BackupInstance (0ms)
			ReleaseScriptingObjects (0ms)
			CreateAndSetChildDomain (1ms)
		EndReloadAssembly (545ms)
			LoadAssemblies (88ms)
			RebuildTransferFunctionScriptingTraits (0ms)
			SetupTypeCache (182ms)
			ReleaseScriptCaches (0ms)
			RebuildScriptCaches (45ms)
			SetupLoadedEditorAssemblies (195ms)
				LogAssemblyErrors (0ms)
				InitializePlatformSupportModulesInManaged (5ms)
				SetLoadedEditorAssemblies (1ms)
				RefreshPlugins (38ms)
				BeforeProcessingInitializeOnLoad (16ms)
				ProcessInitializeOnLoadAttributes (100ms)
				ProcessInitializeOnLoadMethodAttributes (34ms)
				AfterProcessingInitializeOnLoad (0ms)
				EditorAssembliesLoaded (0ms)
			ExecutionOrderSort2 (0ms)
			AwakeInstancesAfterBackupRestoration (0ms)
Platform modules already initialized, skipping
Registering precompiled user dll's ...
Registered in 0.007778 seconds.
Begin MonoManager ReloadAssembly
Native extension for WindowsStandalone target not found
Refreshing native plugins compatible for Editor in 0.38 ms, found 2 plugins.
Preloading 0 native plugins for Editor in 0.00 ms.
Mono: successfully reloaded assembly
- Completed reload, in  1.366 seconds
Domain Reload Profiling:
	ReloadAssembly (1368ms)
		BeginReloadAssembly (201ms)
			ExecutionOrderSort (0ms)
			DisableScriptedObjects (6ms)
			BackupInstance (0ms)
			ReleaseScriptingObjects (0ms)
			CreateAndSetChildDomain (24ms)
		EndReloadAssembly (1087ms)
			LoadAssemblies (139ms)
			RebuildTransferFunctionScriptingTraits (0ms)
			SetupTypeCache (358ms)
			ReleaseScriptCaches (1ms)
			RebuildScriptCaches (70ms)
			SetupLoadedEditorAssemblies (414ms)
				LogAssemblyErrors (0ms)
				InitializePlatformSupportModulesInManaged (6ms)
				SetLoadedEditorAssemblies (1ms)
				RefreshPlugins (0ms)
				BeforeProcessingInitializeOnLoad (130ms)
				ProcessInitializeOnLoadAttributes (253ms)
				ProcessInitializeOnLoadMethodAttributes (13ms)
				AfterProcessingInitializeOnLoad (10ms)
				EditorAssembliesLoaded (0ms)
			ExecutionOrderSort2 (0ms)
			AwakeInstancesAfterBackupRestoration (8ms)
Platform modules already initialized, skipping
========================================================================
Worker process is ready to serve import requests
Launched and connected shader compiler UnityShaderCompiler.exe after 0.07 seconds
Refreshing native plugins compatible for Editor in 0.63 ms, found 2 plugins.
Preloading 0 native plugins for Editor in 0.00 ms.
Unloading 1687 Unused Serialized files (Serialized files now loaded: 0)
System memory in use before: 78.8 MB.
System memory in use after: 78.9 MB.

Unloading 20 unused Assets to reduce memory usage. Loaded Objects now: 2123.
Total: 3.862400 ms (FindLiveObjects: 0.130900 ms CreateObjectMapping: 0.055700 ms MarkObjects: 3.542800 ms  DeleteObjects: 0.131900 ms)

AssetImportParameters requested are different than current active one (requested -> active):
  custom:framework-win-MediaFoundation: 216162199b28c13a410421893ffa2e32 -> 
  custom:video-decoder-ogg-theora: a1e56fd34408186e4bbccfd4996cb3dc -> 
  custom:container-muxer-webm: aa71ff27fc2769a1b78a27578f13a17b -> 
  custom:container-demuxer-webm: 4f35f7cbe854078d1ac9338744f61a02 -> 
  custom:container-demuxer-ogg: 62fdf1f143b41e24485cea50d1cbac27 -> 
  custom:video-encoder-webm-vp8: eb34c28f22e8b96e1ab97ce403110664 -> 
  custom:video-codec-MediaFoundation-h265: 746d11721c4dcdbdad8f713fa42b33f4 -> 
  custom:video-decoder-webm-vp8: 9c59270c3fd7afecdb556c50c9e8de78 -> 
  custom:audio-decoder-ogg-vorbis: bf7c407c2cedff20999df2af8eb42d56 -> 
  custom:audio-encoder-webm-vorbis: bf7c407c2cedff20999df2af8eb42d56 -> 
========================================================================
Received Import Request.
  path: Assets/Shader/PlanetShader 1.shader
  artifactKey: Guid(ca6b04ad6eb9bfa45b7316abb4e03fa2) Importer(815301076,1909f56bfc062723c751e8b465ee728b)
Start importing Assets/Shader/PlanetShader 1.shader using Guid(ca6b04ad6eb9bfa45b7316abb4e03fa2) Importer(815301076,1909f56bfc062723c751e8b465ee728b)  -> (artifact id: '4c75536ad9358e0ea34f8f024ed53226') in 0.061691 seconds 
  Import took 0.064338 seconds .

========================================================================
Received Import Request.
  Time since last request: 10.680989 seconds.
  path: Assets/Shader/PlanetShaderRing1.shader
  artifactKey: Guid(ca6b04ad6eb9bfa45b7316abb4e03fa2) Importer(815301076,1909f56bfc062723c751e8b465ee728b)
Start importing Assets/Shader/PlanetShaderRing1.shader using Guid(ca6b04ad6eb9bfa45b7316abb4e03fa2) Importer(815301076,1909f56bfc062723c751e8b465ee728b)  -> (artifact id: '9a743219f4f5d2531b4cfd83e68c6238') in 0.004221 seconds 
  Import took 0.008284 seconds .

========================================================================
Received Import Request.
  Time since last request: 46.704781 seconds.
  path: Assets/Shader/PlanetShaderRing.shader
  artifactKey: Guid(ca6b04ad6eb9bfa45b7316abb4e03fa2) Importer(815301076,1909f56bfc062723c751e8b465ee728b)
Start importing Assets/Shader/PlanetShaderRing.shader using Guid(ca6b04ad6eb9bfa45b7316abb4e03fa2) Importer(815301076,1909f56bfc062723c751e8b465ee728b)  -> (artifact id: 'e3f9cd764a4c675f24969094d4882747') in 0.005174 seconds 
  Import took 0.011024 seconds .

========================================================================
Received Import Request.
  Time since last request: 16.763862 seconds.
  path: Assets/Shader/PlanetShaderRing.shader
  artifactKey: Guid(ca6b04ad6eb9bfa45b7316abb4e03fa2) Importer(815301076,1909f56bfc062723c751e8b465ee728b)
Start importing Assets/Shader/PlanetShaderRing.shader using Guid(ca6b04ad6eb9bfa45b7316abb4e03fa2) Importer(815301076,1909f56bfc062723c751e8b465ee728b)  -> (artifact id: 'c44be897c262d25a5d4b6d94e02a768a') in 0.003739 seconds 
  Import took 0.007945 seconds .

========================================================================
Received Import Request.
  Time since last request: 533.465298 seconds.
  path: Assets/Shader/PlanetShaderRing.shader
  artifactKey: Guid(ca6b04ad6eb9bfa45b7316abb4e03fa2) Importer(815301076,1909f56bfc062723c751e8b465ee728b)
Start importing Assets/Shader/PlanetShaderRing.shader using Guid(ca6b04ad6eb9bfa45b7316abb4e03fa2) Importer(815301076,1909f56bfc062723c751e8b465ee728b)  -> (artifact id: 'f304100004c179d924e4048276a2e94d') in 0.004333 seconds 
  Import took 0.010333 seconds .

========================================================================
Received Import Request.
  Time since last request: 11.102412 seconds.
  path: Assets/Shader/PlanetShaderRing.shader
  artifactKey: Guid(ca6b04ad6eb9bfa45b7316abb4e03fa2) Importer(815301076,1909f56bfc062723c751e8b465ee728b)
Start importing Assets/Shader/PlanetShaderRing.shader using Guid(ca6b04ad6eb9bfa45b7316abb4e03fa2) Importer(815301076,1909f56bfc062723c751e8b465ee728b)  -> (artifact id: 'dac1dc439bae2be0502d1e46d1a257dc') in 0.003584 seconds 
  Import took 0.008101 seconds .

========================================================================
Received Import Request.
  Time since last request: 164.821728 seconds.
  path: Assets/Shader/PlanetShaderRing.shader
  artifactKey: Guid(ca6b04ad6eb9bfa45b7316abb4e03fa2) Importer(815301076,1909f56bfc062723c751e8b465ee728b)
Start importing Assets/Shader/PlanetShaderRing.shader using Guid(ca6b04ad6eb9bfa45b7316abb4e03fa2) Importer(815301076,1909f56bfc062723c751e8b465ee728b)  -> (artifact id: 'bb7aa452f616da7d5c5e01707fe596ce') in 0.003697 seconds 
  Import took 0.008264 seconds .

========================================================================
Received Import Request.
  Time since last request: 1638.612253 seconds.
  path: Assets/Shader/Planet.mat
  artifactKey: Guid(61da9b15ff197a2418379091ec4907c7) Importer(815301076,1909f56bfc062723c751e8b465ee728b)
Start importing Assets/Shader/Planet.mat using Guid(61da9b15ff197a2418379091ec4907c7) Importer(815301076,1909f56bfc062723c751e8b465ee728b)  -> (artifact id: 'a702e1ec2ed42903bded966dcee19eb1') in 0.186570 seconds 
  Import took 0.191567 seconds .

========================================================================
Received Import Request.
  Time since last request: 14.606310 seconds.
  path: Assets/Texture/Skybox/Back_Medium.png
  artifactKey: Guid(ac89aa1df579ada4ba28159ee8bca5b7) Importer(815301076,1909f56bfc062723c751e8b465ee728b)
Start importing Assets/Texture/Skybox/Back_Medium.png using Guid(ac89aa1df579ada4ba28159ee8bca5b7) Importer(815301076,1909f56bfc062723c751e8b465ee728b)  -> (artifact id: '8506e97dcfc658c1136099329ea2fa67') in 0.138083 seconds 
  Import took 0.144820 seconds .

========================================================================
Received Import Request.
  Time since last request: 0.000358 seconds.
  path: Assets/Texture/Neptune/IlluminationMap.png
  artifactKey: Guid(eff492e115fe1d8498918e36b312c1aa) Importer(815301076,1909f56bfc062723c751e8b465ee728b)
Start importing Assets/Texture/Neptune/IlluminationMap.png using Guid(eff492e115fe1d8498918e36b312c1aa) Importer(815301076,1909f56bfc062723c751e8b465ee728b)  -> (artifact id: '2e52546b5400ef02f08a4e1c21374395') in 0.013390 seconds 
  Import took 0.018802 seconds .

========================================================================
Received Import Request.
  Time since last request: 0.000588 seconds.
  path: Assets/Texture/Mars/GroundMap.png
  artifactKey: Guid(78d2db24664ef6d4c994fffda253b12a) Importer(815301076,1909f56bfc062723c751e8b465ee728b)
Start importing Assets/Texture/Mars/GroundMap.png using Guid(78d2db24664ef6d4c994fffda253b12a) Importer(815301076,1909f56bfc062723c751e8b465ee728b)  -> (artifact id: '85b57822244674356b79510621c6f619') in 0.010810 seconds 
  Import took 0.014320 seconds .

========================================================================
Received Import Request.
  Time since last request: 0.000383 seconds.
  path: Assets/Texture/Uranus/GroundMap.png
  artifactKey: Guid(e8b6fee6ca953cc46862431d429ffe49) Importer(815301076,1909f56bfc062723c751e8b465ee728b)
Start importing Assets/Texture/Uranus/GroundMap.png using Guid(e8b6fee6ca953cc46862431d429ffe49) Importer(815301076,1909f56bfc062723c751e8b465ee728b)  -> (artifact id: 'f2cb7e231e603636d5e5d7a8e47d90d1') in 0.015190 seconds 
  Import took 0.020565 seconds .

========================================================================
Received Import Request.
  Time since last request: 0.000380 seconds.
  path: Assets/Texture/Jupiter/IlluminationMap.png
  artifactKey: Guid(43a568e8652ba5047a20e9cf4b201537) Importer(815301076,1909f56bfc062723c751e8b465ee728b)
Start importing Assets/Texture/Jupiter/IlluminationMap.png using Guid(43a568e8652ba5047a20e9cf4b201537) Importer(815301076,1909f56bfc062723c751e8b465ee728b)  -> (artifact id: '2c03365c4c9a7c34b2d6d5f4d081fe3e') in 0.013196 seconds 
  Import took 0.017965 seconds .

========================================================================
Received Import Request.
  Time since last request: 0.000345 seconds.
  path: Assets/Texture/StarShip/MotorShader_AO.png
  artifactKey: Guid(a6f6c4faa919fb84c9ecafb118d63745) Importer(815301076,1909f56bfc062723c751e8b465ee728b)
Start importing Assets/Texture/StarShip/MotorShader_AO.png using Guid(a6f6c4faa919fb84c9ecafb118d63745) Importer(815301076,1909f56bfc062723c751e8b465ee728b)  -> (artifact id: 'ae36b4de5e77951b79387803486fc07c') in 0.013191 seconds 
  Import took 0.020200 seconds .

========================================================================
Received Import Request.
  Time since last request: 0.000361 seconds.
  path: Assets/Texture/Jupiter/CloudNormalMap.png
  artifactKey: Guid(ccff05478aac9f2418f0411fdb0fb041) Importer(815301076,1909f56bfc062723c751e8b465ee728b)
Start importing Assets/Texture/Jupiter/CloudNormalMap.png using Guid(ccff05478aac9f2418f0411fdb0fb041) Importer(815301076,1909f56bfc062723c751e8b465ee728b)  -> (artifact id: 'ad171c4bc0699ace148af4c7e2628707') in 0.010097 seconds 
  Import took 0.013659 seconds .

========================================================================
Received Import Request.
  Time since last request: 0.000463 seconds.
  path: Assets/Texture/Earth/GroundMap.png
  artifactKey: Guid(539512e099d250f43a3b742e6b69e834) Importer(815301076,1909f56bfc062723c751e8b465ee728b)
Start importing Assets/Texture/Earth/GroundMap.png using Guid(539512e099d250f43a3b742e6b69e834) Importer(815301076,1909f56bfc062723c751e8b465ee728b)  -> (artifact id: '8a73bdff94d57ae2976594df88aff1ec') in 0.010025 seconds 
  Import took 0.014697 seconds .

========================================================================
Received Import Request.
  Time since last request: 0.000302 seconds.
  path: Assets/Texture/Gate/Bars_AO.png
  artifactKey: Guid(c5ad3859360e2f245a67287b67bf026b) Importer(815301076,1909f56bfc062723c751e8b465ee728b)
Start importing Assets/Texture/Gate/Bars_AO.png using Guid(c5ad3859360e2f245a67287b67bf026b) Importer(815301076,1909f56bfc062723c751e8b465ee728b)  -> (artifact id: 'c8e6d0db1781dd2502496b361d3fac41') in 0.011069 seconds 
  Import took 0.016300 seconds .

========================================================================
Received Import Request.
  Time since last request: 0.000498 seconds.
  path: Assets/Texture/Mars/CloudMap.png
  artifactKey: Guid(9b315318ed2236746b60329f325c2fd5) Importer(815301076,1909f56bfc062723c751e8b465ee728b)
Start importing Assets/Texture/Mars/CloudMap.png using Guid(9b315318ed2236746b60329f325c2fd5) Importer(815301076,1909f56bfc062723c751e8b465ee728b)  -> (artifact id: '4129ca6293a3c6de6f1109ac64ae13ae') in 0.017403 seconds 
  Import took 0.022897 seconds .

========================================================================
Received Import Request.
  Time since last request: 0.000345 seconds.
  path: Assets/Texture/Gate/Bars_Metallic.png
  artifactKey: Guid(fca5b2d215540724a9418d093385fd59) Importer(815301076,1909f56bfc062723c751e8b465ee728b)
Start importing Assets/Texture/Gate/Bars_Metallic.png using Guid(fca5b2d215540724a9418d093385fd59) Importer(815301076,1909f56bfc062723c751e8b465ee728b)  -> (artifact id: '450acef4819cd76e733ef60abd43894b') in 0.013068 seconds 
  Import took 0.017625 seconds .

========================================================================
Received Import Request.
  Time since last request: 0.000349 seconds.
  path: Assets/Texture/Uranus/CloudNormalMap.png
  artifactKey: Guid(f119f3976eb8a8347b17d6f866c536ab) Importer(815301076,1909f56bfc062723c751e8b465ee728b)
Start importing Assets/Texture/Uranus/CloudNormalMap.png using Guid(f119f3976eb8a8347b17d6f866c536ab) Importer(815301076,1909f56bfc062723c751e8b465ee728b)  -> (artifact id: '30c516b43b636f9ef8b9b12d1123c87c') in 0.010899 seconds 
  Import took 0.014795 seconds .

========================================================================
Received Import Request.
  Time since last request: 0.000389 seconds.
  path: Assets/HeyBlairGames/PlanetTextureGenerator/Example/IlluminationMap.png
  artifactKey: Guid(3e75551bd233e1e42bd4a3bfe68336a6) Importer(815301076,1909f56bfc062723c751e8b465ee728b)
Start importing Assets/HeyBlairGames/PlanetTextureGenerator/Example/IlluminationMap.png using Guid(3e75551bd233e1e42bd4a3bfe68336a6) Importer(815301076,1909f56bfc062723c751e8b465ee728b)  -> (artifact id: '8dc76ceb425359fa26c528017229d4c3') in 0.024109 seconds 
  Import took 0.029641 seconds .

========================================================================
Received Import Request.
  Time since last request: 0.000428 seconds.
  path: Assets/HeyBlairGames/PlanetTextureGenerator/Example/CloudNormalMap.png
  artifactKey: Guid(0b9bf0fe915848d47b7bc4f814a21bd4) Importer(815301076,1909f56bfc062723c751e8b465ee728b)
Start importing Assets/HeyBlairGames/PlanetTextureGenerator/Example/CloudNormalMap.png using Guid(0b9bf0fe915848d47b7bc4f814a21bd4) Importer(815301076,1909f56bfc062723c751e8b465ee728b)  -> (artifact id: '63c02fcd049063592e1a6fd5b475efed') in 0.017171 seconds 
  Import took 0.021696 seconds .

========================================================================
Received Import Request.
  Time since last request: 0.000313 seconds.
  path: Assets/Texture/Neptune/CloudNormalMap.png
  artifactKey: Guid(5947a1a7a691d04489140209dce1fed0) Importer(815301076,1909f56bfc062723c751e8b465ee728b)
Start importing Assets/Texture/Neptune/CloudNormalMap.png using Guid(5947a1a7a691d04489140209dce1fed0) Importer(815301076,1909f56bfc062723c751e8b465ee728b)  -> (artifact id: 'e32e261906377a1c35f22f60415e117a') in 0.012631 seconds 
  Import took 0.016105 seconds .

========================================================================
Received Import Request.
  Time since last request: 0.000427 seconds.
  path: Assets/Texture/Earth/IlluminationMap.png
  artifactKey: Guid(93dd082358ff27249bc2d781f4455d9c) Importer(815301076,1909f56bfc062723c751e8b465ee728b)
Start importing Assets/Texture/Earth/IlluminationMap.png using Guid(93dd082358ff27249bc2d781f4455d9c) Importer(815301076,1909f56bfc062723c751e8b465ee728b)  -> (artifact id: '7762298c610cfe0ca3f971937e8bd548') in 0.011808 seconds 
  Import took 0.017182 seconds .

========================================================================
Received Import Request.
  Time since last request: 0.000371 seconds.
  path: Assets/HeyBlairGames/PlanetTextureGenerator/Example/GroundMap.png
  artifactKey: Guid(1bc46539e21fd964887c224c958f21be) Importer(815301076,1909f56bfc062723c751e8b465ee728b)
Start importing Assets/HeyBlairGames/PlanetTextureGenerator/Example/GroundMap.png using Guid(1bc46539e21fd964887c224c958f21be) Importer(815301076,1909f56bfc062723c751e8b465ee728b)  -> (artifact id: '2cd9220eac653d2180d261e2bbcf8378') in 0.014884 seconds 
  Import took 0.019906 seconds .

========================================================================
Received Import Request.
  Time since last request: 0.000298 seconds.
  path: Assets/Texture/Neptune/GroundMap.png
  artifactKey: Guid(51c0ac935d3c5e24cb2e9032e74e960b) Importer(815301076,1909f56bfc062723c751e8b465ee728b)
Start importing Assets/Texture/Neptune/GroundMap.png using Guid(51c0ac935d3c5e24cb2e9032e74e960b) Importer(815301076,1909f56bfc062723c751e8b465ee728b)  -> (artifact id: '31f875520edd482cd63a5e1886efaead') in 0.010953 seconds 
  Import took 0.015555 seconds .

========================================================================
Received Import Request.
  Time since last request: 0.000531 seconds.
  path: Assets/Texture/Jupiter/GroundMap.png
  artifactKey: Guid(86d9f9b2fc3d4734188a9db9b71ea7b6) Importer(815301076,1909f56bfc062723c751e8b465ee728b)
Start importing Assets/Texture/Jupiter/GroundMap.png using Guid(86d9f9b2fc3d4734188a9db9b71ea7b6) Importer(815301076,1909f56bfc062723c751e8b465ee728b)  -> (artifact id: '508122a4b8f5fdceb83953a3898a63e6') in 0.010679 seconds 
  Import took 0.014243 seconds .

========================================================================
Received Import Request.
  Time since last request: 0.000311 seconds.
  path: Assets/Texture/Uranus/CloudMap.png
  artifactKey: Guid(b5962f462f51a6c4fb85bd37b8dc6e6e) Importer(815301076,1909f56bfc062723c751e8b465ee728b)
Start importing Assets/Texture/Uranus/CloudMap.png using Guid(b5962f462f51a6c4fb85bd37b8dc6e6e) Importer(815301076,1909f56bfc062723c751e8b465ee728b)  -> (artifact id: 'eed9ae7e3bf15eba2f205582b11307ce') in 0.011484 seconds 
  Import took 0.016020 seconds .

========================================================================
Received Import Request.
  Time since last request: 0.000341 seconds.
  path: Assets/Texture/Venus/CloudMap.png
  artifactKey: Guid(c42d01a5488d21d4b894ea3121f499ea) Importer(815301076,1909f56bfc062723c751e8b465ee728b)
Start importing Assets/Texture/Venus/CloudMap.png using Guid(c42d01a5488d21d4b894ea3121f499ea) Importer(815301076,1909f56bfc062723c751e8b465ee728b)  -> (artifact id: '3b66f0e5eb9746a56bdeb4ae96b9011a') in 0.013141 seconds 
  Import took 0.017248 seconds .

========================================================================
Received Import Request.
  Time since last request: 0.000696 seconds.
  path: Assets/Texture/Jupiter/CloudMap.png
  artifactKey: Guid(0d57897cc0e5ad240a1882df85daaf1e) Importer(815301076,1909f56bfc062723c751e8b465ee728b)
Start importing Assets/Texture/Jupiter/CloudMap.png using Guid(0d57897cc0e5ad240a1882df85daaf1e) Importer(815301076,1909f56bfc062723c751e8b465ee728b)  -> (artifact id: 'a32364e55b4feffdeaec5e99c70a9881') in 0.013234 seconds 
  Import took 0.017212 seconds .

========================================================================
Received Import Request.
  Time since last request: 0.000352 seconds.
  path: Assets/TextMesh Pro/Sprites/EmojiOne.png
  artifactKey: Guid(dffef66376be4fa480fb02b19edbe903) Importer(815301076,1909f56bfc062723c751e8b465ee728b)
Start importing Assets/TextMesh Pro/Sprites/EmojiOne.png using Guid(dffef66376be4fa480fb02b19edbe903) Importer(815301076,1909f56bfc062723c751e8b465ee728b)  -> (artifact id: 'd78a27303d38c5bc73b55289faa0930d') in 0.014161 seconds 
  Import took 0.019130 seconds .

========================================================================
Received Import Request.
  Time since last request: 0.000447 seconds.
  path: Assets/Texture/Venus/CloudNormalMap.png
  artifactKey: Guid(e5038beb540bddb47be8e3afc23706ab) Importer(815301076,1909f56bfc062723c751e8b465ee728b)
Start importing Assets/Texture/Venus/CloudNormalMap.png using Guid(e5038beb540bddb47be8e3afc23706ab) Importer(815301076,1909f56bfc062723c751e8b465ee728b)  -> (artifact id: '4654f2d0bd737fe709f1f4512958ae80') in 0.011337 seconds 
  Import took 0.015904 seconds .

========================================================================
Received Import Request.
  Time since last request: 0.000646 seconds.
  path: Assets/Texture/Gate/GateAllMat_Normal.png
  artifactKey: Guid(683b7fa9313aa9b4e9374cf5f2a3985c) Importer(815301076,1909f56bfc062723c751e8b465ee728b)
Start importing Assets/Texture/Gate/GateAllMat_Normal.png using Guid(683b7fa9313aa9b4e9374cf5f2a3985c) Importer(815301076,1909f56bfc062723c751e8b465ee728b)  -> (artifact id: 'fabce1d1ec2331506c090b67322b2e77') in 0.017464 seconds 
  Import took 0.021586 seconds .

========================================================================
Received Import Request.
  Time since last request: 0.000403 seconds.
  path: Assets/Texture/Skybox/Down_Medium.png
  artifactKey: Guid(e6239087ac6767a4181811c70dbf62d6) Importer(815301076,1909f56bfc062723c751e8b465ee728b)
Start importing Assets/Texture/Skybox/Down_Medium.png using Guid(e6239087ac6767a4181811c70dbf62d6) Importer(815301076,1909f56bfc062723c751e8b465ee728b)  -> (artifact id: '79ac7777fb31eaa73f571c78003439aa') in 0.042863 seconds 
  Import took 0.049298 seconds .

========================================================================
Received Import Request.
  Time since last request: 0.000454 seconds.
  path: Assets/Texture/Earth/CloudMap.png
  artifactKey: Guid(29adf664de4376b49a53934d98199e2e) Importer(815301076,1909f56bfc062723c751e8b465ee728b)
Start importing Assets/Texture/Earth/CloudMap.png using Guid(29adf664de4376b49a53934d98199e2e) Importer(815301076,1909f56bfc062723c751e8b465ee728b)  -> (artifact id: 'e583345b5e6a87b3b2c73461cb503278') in 0.021354 seconds 
  Import took 0.025819 seconds .

========================================================================
Received Import Request.
  Time since last request: 0.000463 seconds.
  path: Assets/Texture/Mercury/GroundMap.png
  artifactKey: Guid(21cb87a104593c740a6cabbcd1d19dfb) Importer(815301076,1909f56bfc062723c751e8b465ee728b)
Start importing Assets/Texture/Mercury/GroundMap.png using Guid(21cb87a104593c740a6cabbcd1d19dfb) Importer(815301076,1909f56bfc062723c751e8b465ee728b)  -> (artifact id: 'fabaa61dd6297280c9f599c2c5f292f2') in 0.011467 seconds 
  Import took 0.016086 seconds .

========================================================================
Received Import Request.
  Time since last request: 0.000496 seconds.
  path: Assets/Texture/Neptune/CloudMap.png
  artifactKey: Guid(d04d8c23e87b18b4e8cd069af0ae59df) Importer(815301076,1909f56bfc062723c751e8b465ee728b)
Start importing Assets/Texture/Neptune/CloudMap.png using Guid(d04d8c23e87b18b4e8cd069af0ae59df) Importer(815301076,1909f56bfc062723c751e8b465ee728b)  -> (artifact id: '265e35ea16dfd309ebf3e6c20ca13753') in 0.029816 seconds 
  Import took 0.034599 seconds .

========================================================================
Received Import Request.
  Time since last request: 0.000356 seconds.
  path: Assets/Texture/Venus/IlluminationMap.png
  artifactKey: Guid(c05b0f582abafca42900fbfaafd291b7) Importer(815301076,1909f56bfc062723c751e8b465ee728b)
Start importing Assets/Texture/Venus/IlluminationMap.png using Guid(c05b0f582abafca42900fbfaafd291b7) Importer(815301076,1909f56bfc062723c751e8b465ee728b)  -> (artifact id: '1b16ed55234473a48419a250465302bb') in 0.010757 seconds 
  Import took 0.014705 seconds .

========================================================================
Received Import Request.
  Time since last request: 0.000817 seconds.
  path: Assets/TextMesh Pro/Resources/Fonts & Materials/LiberationSans SDF.asset
  artifactKey: Guid(8f586378b4e144a9851e7b34d9b748ee) Importer(815301076,1909f56bfc062723c751e8b465ee728b)
Start importing Assets/TextMesh Pro/Resources/Fonts & Materials/LiberationSans SDF.asset using Guid(8f586378b4e144a9851e7b34d9b748ee) Importer(815301076,1909f56bfc062723c751e8b465ee728b)  -> (artifact id: 'f1280cc7be10b532b2897fc8654f95d3') in 0.098621 seconds 
  Import took 0.102856 seconds .

========================================================================
Received Import Request.
  Time since last request: 0.000378 seconds.
  path: Assets/HeyBlairGames/PlanetTextureGenerator/Example/CloudMap.png
  artifactKey: Guid(72e473c0a8af4744eabef75ad48ab94c) Importer(815301076,1909f56bfc062723c751e8b465ee728b)
Start importing Assets/HeyBlairGames/PlanetTextureGenerator/Example/CloudMap.png using Guid(72e473c0a8af4744eabef75ad48ab94c) Importer(815301076,1909f56bfc062723c751e8b465ee728b)  -> (artifact id: '86c76969b9bf900eec5a25588b1c44c2') in 0.014690 seconds 
  Import took 0.020212 seconds .

========================================================================
Received Import Request.
  Time since last request: 0.000406 seconds.
  path: Assets/Texture/Venus/GroundMap.png
  artifactKey: Guid(b0aba8524b3981a42af8c433e67a2530) Importer(815301076,1909f56bfc062723c751e8b465ee728b)
Start importing Assets/Texture/Venus/GroundMap.png using Guid(b0aba8524b3981a42af8c433e67a2530) Importer(815301076,1909f56bfc062723c751e8b465ee728b)  -> (artifact id: '36c1469f6cc860bc55bd591b9e76812e') in 0.012784 seconds 
  Import took 0.017118 seconds .

========================================================================
Received Import Request.
  Time since last request: 0.000348 seconds.
  path: Assets/Texture/Uranus/IlluminationMap.png
  artifactKey: Guid(b046238afb48db344abd11aebe444452) Importer(815301076,1909f56bfc062723c751e8b465ee728b)
Start importing Assets/Texture/Uranus/IlluminationMap.png using Guid(b046238afb48db344abd11aebe444452) Importer(815301076,1909f56bfc062723c751e8b465ee728b)  -> (artifact id: 'd40ab96fcd9564253a72f80337b97478') in 0.012474 seconds 
  Import took 0.016075 seconds .

========================================================================
Received Import Request.
  Time since last request: 0.000324 seconds.
  path: Assets/Texture/Gate/Bars_Base_color.png
  artifactKey: Guid(10e4fefd9c7530942b894dfb64254a2f) Importer(815301076,1909f56bfc062723c751e8b465ee728b)
Start importing Assets/Texture/Gate/Bars_Base_color.png using Guid(10e4fefd9c7530942b894dfb64254a2f) Importer(815301076,1909f56bfc062723c751e8b465ee728b)  -> (artifact id: 'c4ed5adad1fd481eda53058af5dd45b0') in 0.012742 seconds 
  Import took 0.017421 seconds .

========================================================================
Received Import Request.
  Time since last request: 0.000368 seconds.
  path: Assets/Texture/Mars/CloudNormalMap.png
  artifactKey: Guid(b63d98d7f87082542956d4c3c619e3e9) Importer(815301076,1909f56bfc062723c751e8b465ee728b)
Start importing Assets/Texture/Mars/CloudNormalMap.png using Guid(b63d98d7f87082542956d4c3c619e3e9) Importer(815301076,1909f56bfc062723c751e8b465ee728b)  -> (artifact id: '84685077869f533e50f215f014b33654') in 0.014052 seconds 
  Import took 0.018540 seconds .

========================================================================
Received Import Request.
  Time since last request: 0.000418 seconds.
  path: Assets/Texture/Skybox/Front_Medium.png
  artifactKey: Guid(0a1850368b4616f4485625507597ef19) Importer(815301076,1909f56bfc062723c751e8b465ee728b)
Start importing Assets/Texture/Skybox/Front_Medium.png using Guid(0a1850368b4616f4485625507597ef19) Importer(815301076,1909f56bfc062723c751e8b465ee728b)  -> (artifact id: '633808f95bbc72879e15c92d5236a1ab') in 0.045000 seconds 
  Import took 0.051832 seconds .

========================================================================
Received Import Request.
  Time since last request: 0.000412 seconds.
  path: Assets/TextMesh Pro/Resources/Fonts & Materials/LiberationSans SDF - Fallback.asset
  artifactKey: Guid(2e498d1c8094910479dc3e1b768306a4) Importer(815301076,1909f56bfc062723c751e8b465ee728b)
Start importing Assets/TextMesh Pro/Resources/Fonts & Materials/LiberationSans SDF - Fallback.asset using Guid(2e498d1c8094910479dc3e1b768306a4) Importer(815301076,1909f56bfc062723c751e8b465ee728b)  -> (artifact id: 'b8c2210586957436df79bf961aeff06e') in 0.028983 seconds 
  Import took 0.036027 seconds .

========================================================================
Received Import Request.
  Time since last request: 0.000445 seconds.
  path: Assets/Texture/Skybox/Left_Medium.png
  artifactKey: Guid(2b0d1b37a958d594c927ed0f74c05325) Importer(815301076,1909f56bfc062723c751e8b465ee728b)
Start importing Assets/Texture/Skybox/Left_Medium.png using Guid(2b0d1b37a958d594c927ed0f74c05325) Importer(815301076,1909f56bfc062723c751e8b465ee728b)  -> (artifact id: '2a2da0e6e2c67d97e55f0357b155cc9e') in 0.040747 seconds 
  Import took 0.047936 seconds .

========================================================================
Received Import Request.
  Time since last request: 0.000352 seconds.
  path: Assets/Texture/Mars/IlluminationMap.png
  artifactKey: Guid(2d184b08b6b46c44da103879a009db29) Importer(815301076,1909f56bfc062723c751e8b465ee728b)
Start importing Assets/Texture/Mars/IlluminationMap.png using Guid(2d184b08b6b46c44da103879a009db29) Importer(815301076,1909f56bfc062723c751e8b465ee728b)  -> (artifact id: '526b52315db2b0f8218cf0700ae8927a') in 0.013532 seconds 
  Import took 0.018274 seconds .

========================================================================
Received Import Request.
  Time since last request: 0.000335 seconds.
  path: Assets/Texture/Earth/CloudNormalMap.png
  artifactKey: Guid(5de42fb945fb9eb42a0029486ed0798b) Importer(815301076,1909f56bfc062723c751e8b465ee728b)
Start importing Assets/Texture/Earth/CloudNormalMap.png using Guid(5de42fb945fb9eb42a0029486ed0798b) Importer(815301076,1909f56bfc062723c751e8b465ee728b)  -> (artifact id: 'c89c437e101248cafa7f6c29b978005e') in 0.013306 seconds 
  Import took 0.018276 seconds .

========================================================================
Received Import Request.
  Time since last request: 1078.833063 seconds.
  path: Assets/Shader/Planet.mat
  artifactKey: Guid(61da9b15ff197a2418379091ec4907c7) Importer(815301076,1909f56bfc062723c751e8b465ee728b)
Start importing Assets/Shader/Planet.mat using Guid(61da9b15ff197a2418379091ec4907c7) Importer(815301076,1909f56bfc062723c751e8b465ee728b)  -> (artifact id: 'ac50c96f9b08bcf1e315e5594dbae525') in 0.318350 seconds 
  Import took 0.328114 seconds .

========================================================================
Received Import Request.
  Time since last request: 29.947932 seconds.
  path: Assets/Shader/PlanetShaderRing.shader
  artifactKey: Guid(ca6b04ad6eb9bfa45b7316abb4e03fa2) Importer(815301076,1909f56bfc062723c751e8b465ee728b)
Start importing Assets/Shader/PlanetShaderRing.shader using Guid(ca6b04ad6eb9bfa45b7316abb4e03fa2) Importer(815301076,1909f56bfc062723c751e8b465ee728b)  -> (artifact id: '0a31664b7f73e5cbec613f637bf2116b') in 0.004096 seconds 
  Import took 0.008225 seconds .

========================================================================
Received Import Request.
  Time since last request: 438.734517 seconds.
  path: Assets/Texture/Mars/New PlanetAsset.asset
  artifactKey: Guid(70e3e86e24bdea141b8d81d90c4ef1b1) Importer(815301076,1909f56bfc062723c751e8b465ee728b)
Start importing Assets/Texture/Mars/New PlanetAsset.asset using Guid(70e3e86e24bdea141b8d81d90c4ef1b1) Importer(815301076,1909f56bfc062723c751e8b465ee728b)  -> (artifact id: '03824795ade8d74e6a25bf84fba49945') in 0.008899 seconds 
  Import took 0.013385 seconds .

========================================================================
Received Import Request.
  Time since last request: 0.000549 seconds.
  path: Assets/Texture/Mars/NormalMap.png
  artifactKey: Guid(39ce704ea43624642a86066d61762d06) Importer(815301076,1909f56bfc062723c751e8b465ee728b)
Start importing Assets/Texture/Mars/NormalMap.png using Guid(39ce704ea43624642a86066d61762d06) Importer(815301076,1909f56bfc062723c751e8b465ee728b)  -> (artifact id: 'dde289f48889985dccb7cbc4c7808984') in 0.015203 seconds 
  Import took 0.018760 seconds .

========================================================================
Received Import Request.
  Time since last request: 4.172601 seconds.
  path: Assets/Texture/Uranus/NormalMap.png
  artifactKey: Guid(18490071ab0c575459b3c7a4b0f7a6d5) Importer(815301076,1909f56bfc062723c751e8b465ee728b)
Start importing Assets/Texture/Uranus/NormalMap.png using Guid(18490071ab0c575459b3c7a4b0f7a6d5) Importer(815301076,1909f56bfc062723c751e8b465ee728b)  -> (artifact id: '28842ac731cd68497e7de34821d9e78b') in 0.013990 seconds 
  Import took 0.018259 seconds .

========================================================================
Received Import Request.
  Time since last request: 0.000383 seconds.
  path: Assets/Texture/Venus/NormalMap.png
  artifactKey: Guid(f8aaaf41489e8da47bb15dc2c6cefe3c) Importer(815301076,1909f56bfc062723c751e8b465ee728b)
Start importing Assets/Texture/Venus/NormalMap.png using Guid(f8aaaf41489e8da47bb15dc2c6cefe3c) Importer(815301076,1909f56bfc062723c751e8b465ee728b)  -> (artifact id: 'af8a62b489f9fb8bc29762d47441876d') in 0.009901 seconds 
  Import took 0.013347 seconds .

========================================================================
Received Import Request.
  Time since last request: 0.000456 seconds.
  path: Assets/HeyBlairGames/PlanetTextureGenerator/Example/NormalMap.png
  artifactKey: Guid(93fa7224b9d769d46a38b2d84cbf56d3) Importer(815301076,1909f56bfc062723c751e8b465ee728b)
Start importing Assets/HeyBlairGames/PlanetTextureGenerator/Example/NormalMap.png using Guid(93fa7224b9d769d46a38b2d84cbf56d3) Importer(815301076,1909f56bfc062723c751e8b465ee728b)  -> (artifact id: 'a74bb559d0673f5772f12d486b482c94') in 0.030357 seconds 
  Import took 0.035367 seconds .

========================================================================
Received Import Request.
  Time since last request: 0.000365 seconds.
  path: Assets/Texture/Earth/NormalMap.png
  artifactKey: Guid(a77ea3cb3c8e96c4199c6db0d8b9c638) Importer(815301076,1909f56bfc062723c751e8b465ee728b)
Start importing Assets/Texture/Earth/NormalMap.png using Guid(a77ea3cb3c8e96c4199c6db0d8b9c638) Importer(815301076,1909f56bfc062723c751e8b465ee728b)  -> (artifact id: 'cff92cbe6183b7b067e099b46270694a') in 0.014844 seconds 
  Import took 0.021116 seconds .

========================================================================
Received Import Request.
  Time since last request: 0.000483 seconds.
  path: Assets/Texture/Mercury/NormalMap.png
  artifactKey: Guid(117c8d1a336c375499af7b8ab334f1ad) Importer(815301076,1909f56bfc062723c751e8b465ee728b)
Start importing Assets/Texture/Mercury/NormalMap.png using Guid(117c8d1a336c375499af7b8ab334f1ad) Importer(815301076,1909f56bfc062723c751e8b465ee728b)  -> (artifact id: '87b19aa3c23dff0ad03d58bb974f5bb1') in 0.020713 seconds 
  Import took 0.027619 seconds .

========================================================================
Received Import Request.
  Time since last request: 0.000303 seconds.
  path: Assets/Texture/Jupiter/NormalMap.png
  artifactKey: Guid(42f345971e43cc0488791dd5228a0d30) Importer(815301076,1909f56bfc062723c751e8b465ee728b)
Start importing Assets/Texture/Jupiter/NormalMap.png using Guid(42f345971e43cc0488791dd5228a0d30) Importer(815301076,1909f56bfc062723c751e8b465ee728b)  -> (artifact id: '6d54b9c5b4e95bbba003aba29b72919b') in 0.012544 seconds 
  Import took 0.016968 seconds .

========================================================================
Received Import Request.
  Time since last request: 0.211486 seconds.
  path: Assets/Texture/Neptune/NormalMap.png
  artifactKey: Guid(b2146968781198b4181a21260fb66f8d) Importer(815301076,1909f56bfc062723c751e8b465ee728b)
Start importing Assets/Texture/Neptune/NormalMap.png using Guid(b2146968781198b4181a21260fb66f8d) Importer(815301076,1909f56bfc062723c751e8b465ee728b)  -> (artifact id: 'b8144f0c15db4faa464b9026be37cdd0') in 0.012671 seconds 
  Import took 0.017956 seconds .

========================================================================
Received Import Request.
  Time since last request: 0.000698 seconds.
  path: Assets/Texture/Gate/Ring_AO.png
  artifactKey: Guid(8aa4bf4199bc71b46b34145402199bad) Importer(815301076,1909f56bfc062723c751e8b465ee728b)
Start importing Assets/Texture/Gate/Ring_AO.png using Guid(8aa4bf4199bc71b46b34145402199bad) Importer(815301076,1909f56bfc062723c751e8b465ee728b)  -> (artifact id: '96e3f2b8686f6f44646366f0c83dad92') in 0.013291 seconds 
  Import took 0.018350 seconds .

========================================================================
Received Import Request.
  Time since last request: 0.000534 seconds.
  path: Assets/Texture/Gate/Ring_Base_color.png
  artifactKey: Guid(d613380ff0f381a40a7c94a38375e79f) Importer(815301076,1909f56bfc062723c751e8b465ee728b)
Start importing Assets/Texture/Gate/Ring_Base_color.png using Guid(d613380ff0f381a40a7c94a38375e79f) Importer(815301076,1909f56bfc062723c751e8b465ee728b)  -> (artifact id: '96b05847e0b6cd5068b4021026bd917a') in 0.017279 seconds 
  Import took 0.022401 seconds .

========================================================================
Received Import Request.
  Time since last request: 0.000487 seconds.
  path: Assets/Texture/Gate/Ring_Metallic.png
  artifactKey: Guid(0a42d47d569b84b47a923963432724a0) Importer(815301076,1909f56bfc062723c751e8b465ee728b)
Start importing Assets/Texture/Gate/Ring_Metallic.png using Guid(0a42d47d569b84b47a923963432724a0) Importer(815301076,1909f56bfc062723c751e8b465ee728b)  -> (artifact id: 'ff427b7edd457791651dc82254b6f0d4') in 0.013598 seconds 
  Import took 0.018950 seconds .

========================================================================
Received Import Request.
  Time since last request: 0.000367 seconds.
  path: Assets/Texture/StarShip/StarShipAllMat_Normal.png
  artifactKey: Guid(2988b06f141a73a4294a6bb8805b97fb) Importer(815301076,1909f56bfc062723c751e8b465ee728b)
Start importing Assets/Texture/StarShip/StarShipAllMat_Normal.png using Guid(2988b06f141a73a4294a6bb8805b97fb) Importer(815301076,1909f56bfc062723c751e8b465ee728b)  -> (artifact id: 'f3e6da58d8a992f72a016c8b90bebaf7') in 0.013223 seconds 
  Import took 0.018037 seconds .

========================================================================
Received Import Request.
  Time since last request: 0.000362 seconds.
  path: Assets/Texture/Gate/RingShader_AO.png
  artifactKey: Guid(1f852e903e32b9e4080e3357794760d4) Importer(815301076,1909f56bfc062723c751e8b465ee728b)
Start importing Assets/Texture/Gate/RingShader_AO.png using Guid(1f852e903e32b9e4080e3357794760d4) Importer(815301076,1909f56bfc062723c751e8b465ee728b)  -> (artifact id: '493ac3ec870fbaa536a3976fa7a9f928') in 0.014897 seconds 
  Import took 0.020788 seconds .

========================================================================
Received Import Request.
  Time since last request: 0.000421 seconds.
  path: Assets/Texture/Skybox/Right_Medium.png
  artifactKey: Guid(60208fcc16a2a004a8bb82d1b58bd9b5) Importer(815301076,1909f56bfc062723c751e8b465ee728b)
Start importing Assets/Texture/Skybox/Right_Medium.png using Guid(60208fcc16a2a004a8bb82d1b58bd9b5) Importer(815301076,1909f56bfc062723c751e8b465ee728b)  -> (artifact id: 'aa6f384cadf93449f7ae70e59a53f0f4') in 0.051192 seconds 
  Import took 0.056001 seconds .

========================================================================
Received Import Request.
  Time since last request: 0.702530 seconds.
  path: Assets/Texture/StarShip/StarShipBaseMat_AO.png
  artifactKey: Guid(4c9bb3c7d8c2e1b4f80f8c7a7f4fab0f) Importer(815301076,1909f56bfc062723c751e8b465ee728b)
Start importing Assets/Texture/StarShip/StarShipBaseMat_AO.png using Guid(4c9bb3c7d8c2e1b4f80f8c7a7f4fab0f) Importer(815301076,1909f56bfc062723c751e8b465ee728b)  -> (artifact id: 'ce81b9a6568490494e55fa38362e5047') in 0.015313 seconds 
  Import took 0.019320 seconds .

========================================================================
Received Import Request.
  Time since last request: 0.000446 seconds.
  path: Assets/Texture/StarShip/StarShipSecondMat_Base_color.png
  artifactKey: Guid(001de12ebf9173743ba429d1bdfc7acd) Importer(815301076,1909f56bfc062723c751e8b465ee728b)
Start importing Assets/Texture/StarShip/StarShipSecondMat_Base_color.png using Guid(001de12ebf9173743ba429d1bdfc7acd) Importer(815301076,1909f56bfc062723c751e8b465ee728b)  -> (artifact id: '0992783e4e16352e2e5befb1ab9705a8') in 0.015790 seconds 
  Import took 0.020356 seconds .

========================================================================
Received Import Request.
  Time since last request: 0.000483 seconds.
  path: Assets/Texture/StarShip/StarShipBaseMat_Base_color.png
  artifactKey: Guid(916cfce1e792c46459d5e619f3c18db2) Importer(815301076,1909f56bfc062723c751e8b465ee728b)
Start importing Assets/Texture/StarShip/StarShipBaseMat_Base_color.png using Guid(916cfce1e792c46459d5e619f3c18db2) Importer(815301076,1909f56bfc062723c751e8b465ee728b)  -> (artifact id: 'aa8030481b103b5b5b9105d2984c2d11') in 0.013620 seconds 
  Import took 0.019010 seconds .

========================================================================
Received Import Request.
  Time since last request: 0.000420 seconds.
  path: Assets/Texture/StarShip/StarShipBaseMat_Metallic.png
  artifactKey: Guid(37783bfc80bedf240b33f5545efb32a6) Importer(815301076,1909f56bfc062723c751e8b465ee728b)
Start importing Assets/Texture/StarShip/StarShipBaseMat_Metallic.png using Guid(37783bfc80bedf240b33f5545efb32a6) Importer(815301076,1909f56bfc062723c751e8b465ee728b)  -> (artifact id: '7776422c75ed43ebb564ba623812ec31') in 0.014002 seconds 
  Import took 0.019056 seconds .

========================================================================
Received Import Request.
  Time since last request: 0.000352 seconds.
  path: Assets/Texture/StarShip/StarShipSecondMat_Metallic.png
  artifactKey: Guid(5e51c83a93e903a4e8ec965a28983b92) Importer(815301076,1909f56bfc062723c751e8b465ee728b)
Start importing Assets/Texture/StarShip/StarShipSecondMat_Metallic.png using Guid(5e51c83a93e903a4e8ec965a28983b92) Importer(815301076,1909f56bfc062723c751e8b465ee728b)  -> (artifact id: 'be00e71f8f89110ddc16928972e36c19') in 0.011792 seconds 
  Import took 0.015129 seconds .

========================================================================
Received Import Request.
  Time since last request: 0.000436 seconds.
  path: Assets/Texture/Skybox/Up_Medium.png
  artifactKey: Guid(6fbc111cfcf065641aea692bee74ec23) Importer(815301076,1909f56bfc062723c751e8b465ee728b)
Start importing Assets/Texture/Skybox/Up_Medium.png using Guid(6fbc111cfcf065641aea692bee74ec23) Importer(815301076,1909f56bfc062723c751e8b465ee728b)  -> (artifact id: 'cd727fafb01b5d2893134eb0fe84760e') in 0.041996 seconds 
  Import took 0.049289 seconds .

========================================================================
Received Import Request.
  Time since last request: 0.000729 seconds.
  path: Assets/Texture/StarShip/StarShipSecondMat_AO.png
  artifactKey: Guid(f2ce1414202abbe42a2c46afd7e8b09d) Importer(815301076,1909f56bfc062723c751e8b465ee728b)
Start importing Assets/Texture/StarShip/StarShipSecondMat_AO.png using Guid(f2ce1414202abbe42a2c46afd7e8b09d) Importer(815301076,1909f56bfc062723c751e8b465ee728b)  -> (artifact id: 'cdf2786ed9d43671cca6f931141a9b94') in 0.011838 seconds 
  Import took 0.015890 seconds .

========================================================================
Received Import Request.
  Time since last request: 99.846257 seconds.
  path: Assets/Texture/Uranus/New PlanetAsset.asset
  artifactKey: Guid(575653fd76e2b0947846f5c01c2e5fcb) Importer(815301076,1909f56bfc062723c751e8b465ee728b)
Start importing Assets/Texture/Uranus/New PlanetAsset.asset using Guid(575653fd76e2b0947846f5c01c2e5fcb) Importer(815301076,1909f56bfc062723c751e8b465ee728b)  -> (artifact id: '4af3d1d1f775ed768835617ca43b5bed') in 0.005928 seconds 
  Import took 0.010845 seconds .

========================================================================
Received Import Request.
  Time since last request: 6532.118670 seconds.
  path: Assets/Shader/Planet.mat
  artifactKey: Guid(61da9b15ff197a2418379091ec4907c7) Importer(815301076,1909f56bfc062723c751e8b465ee728b)
Start importing Assets/Shader/Planet.mat using Guid(61da9b15ff197a2418379091ec4907c7) Importer(815301076,1909f56bfc062723c751e8b465ee728b)  -> (artifact id: '6d9af380144fff0b654c6361a8b19977') in 0.092616 seconds 
  Import took 0.098594 seconds .

========================================================================
Received Import Request.
  Time since last request: 764.934765 seconds.
  path: Assets/Shader/Stencil
  artifactKey: Guid(4593a9e5184d21146a6a949023d52a92) Importer(815301076,1909f56bfc062723c751e8b465ee728b)
Start importing Assets/Shader/Stencil using Guid(4593a9e5184d21146a6a949023d52a92) Importer(815301076,1909f56bfc062723c751e8b465ee728b)  -> (artifact id: '41636d7f9e7a1f30267d24f6739c5c9e') in 0.004181 seconds 
  Import took 0.009202 seconds .

========================================================================
Received Import Request.
  Time since last request: 27.791774 seconds.
  path: Assets/Shader/Stencil/New Material.mat
  artifactKey: Guid(4cce4479bb5af2745b1b1e65fed456f9) Importer(815301076,1909f56bfc062723c751e8b465ee728b)
Start importing Assets/Shader/Stencil/New Material.mat using Guid(4cce4479bb5af2745b1b1e65fed456f9) Importer(815301076,1909f56bfc062723c751e8b465ee728b)  -> (artifact id: '3e16d27bf40f0bef9dd29bbc7dcb4733') in 0.020361 seconds 
  Import took 0.024869 seconds .

========================================================================
Received Import Request.
  Time since last request: 22.561550 seconds.
  path: Assets/Shader/Stencil/New Material 1.mat
  artifactKey: Guid(651a69e0f77025d418d2240be0acf1a0) Importer(815301076,1909f56bfc062723c751e8b465ee728b)
Start importing Assets/Shader/Stencil/New Material 1.mat using Guid(651a69e0f77025d418d2240be0acf1a0) Importer(815301076,1909f56bfc062723c751e8b465ee728b)  -> (artifact id: '946eac35de6f44d8dafae0022d929a48') in 0.012803 seconds 
  Import took 0.017117 seconds .

========================================================================
Received Import Request.
  Time since last request: 261.732426 seconds.
  path: Assets/Shader/Stencil/Sten.shader
  artifactKey: Guid(641dde0fea4a6cd4faf3d58a37caf538) Importer(815301076,1909f56bfc062723c751e8b465ee728b)
Start importing Assets/Shader/Stencil/Sten.shader using Guid(641dde0fea4a6cd4faf3d58a37caf538) Importer(815301076,1909f56bfc062723c751e8b465ee728b)  -> (artifact id: '7910f4ebff87f054e19d369e7719ec62') in 0.012762 seconds 
  Import took 0.017185 seconds .

========================================================================
Received Import Request.
  Time since last request: 24.735637 seconds.
  path: Assets/Shader/Stencil/Sten.shader
  artifactKey: Guid(641dde0fea4a6cd4faf3d58a37caf538) Importer(815301076,1909f56bfc062723c751e8b465ee728b)
Start importing Assets/Shader/Stencil/Sten.shader using Guid(641dde0fea4a6cd4faf3d58a37caf538) Importer(815301076,1909f56bfc062723c751e8b465ee728b)  -> (artifact id: 'f8092cb59fcee9f647f12f691532cb03') in 0.005593 seconds 
  Import took 0.010276 seconds .

========================================================================
Received Import Request.
  Time since last request: 425.634406 seconds.
  path: Assets/Shader/Stencil/Sten.shader
  artifactKey: Guid(641dde0fea4a6cd4faf3d58a37caf538) Importer(815301076,1909f56bfc062723c751e8b465ee728b)
Start importing Assets/Shader/Stencil/Sten.shader using Guid(641dde0fea4a6cd4faf3d58a37caf538) Importer(815301076,1909f56bfc062723c751e8b465ee728b)  -> (artifact id: '537aac4060e0a887eb2e6446f23f2777') in 0.006306 seconds 
  Import took 0.011481 seconds .

========================================================================
Received Import Request.
  Time since last request: 34.384048 seconds.
  path: Assets/Shader/Stencil/Sten.shader
  artifactKey: Guid(641dde0fea4a6cd4faf3d58a37caf538) Importer(815301076,1909f56bfc062723c751e8b465ee728b)
Start importing Assets/Shader/Stencil/Sten.shader using Guid(641dde0fea4a6cd4faf3d58a37caf538) Importer(815301076,1909f56bfc062723c751e8b465ee728b)  -> (artifact id: '824fc1ca5d7782d46fe78ad2feea0a9e') in 0.008137 seconds 
  Import took 0.014592 seconds .

========================================================================
Received Import Request.
  Time since last request: 4.984423 seconds.
  path: Assets/Shader/Stencil/StencilSurfaceShader.shader
  artifactKey: Guid(641dde0fea4a6cd4faf3d58a37caf538) Importer(815301076,1909f56bfc062723c751e8b465ee728b)
Start importing Assets/Shader/Stencil/StencilSurfaceShader.shader using Guid(641dde0fea4a6cd4faf3d58a37caf538) Importer(815301076,1909f56bfc062723c751e8b465ee728b)  -> (artifact id: '1ec1b08bd0eae2ecfdace85ee08ca08f') in 0.007346 seconds 
  Import took 0.011760 seconds .

========================================================================
Received Import Request.
  Time since last request: 11.989947 seconds.
  path: Assets/Shader/Stencil/Hole.shader
  artifactKey: Guid(3b6b495622eb19840976807092344a6e) Importer(815301076,1909f56bfc062723c751e8b465ee728b)
Start importing Assets/Shader/Stencil/Hole.shader using Guid(3b6b495622eb19840976807092344a6e) Importer(815301076,1909f56bfc062723c751e8b465ee728b)  -> (artifact id: '1938cb8a72b0264e39ca8e40e03fb65a') in 0.012007 seconds 
  Import took 0.016969 seconds .

========================================================================
Received Import Request.
  Time since last request: 207.979433 seconds.
  path: Assets/Shader/Stencil/Hole.shader
  artifactKey: Guid(3b6b495622eb19840976807092344a6e) Importer(815301076,1909f56bfc062723c751e8b465ee728b)
Start importing Assets/Shader/Stencil/Hole.shader using Guid(3b6b495622eb19840976807092344a6e) Importer(815301076,1909f56bfc062723c751e8b465ee728b)  -> (artifact id: 'b984e13c08de452de6cac0f81ff6d9d8') in 0.006476 seconds 
  Import took 0.010597 seconds .

========================================================================
Received Import Request.
  Time since last request: 19.270810 seconds.
  path: Assets/Shader/Stencil/Plane.mat
  artifactKey: Guid(90edaea03dbaa3246b28f37800c46be8) Importer(815301076,1909f56bfc062723c751e8b465ee728b)
Start importing Assets/Shader/Stencil/Plane.mat using Guid(90edaea03dbaa3246b28f37800c46be8) Importer(815301076,1909f56bfc062723c751e8b465ee728b)  -> (artifact id: 'a6a8e31d54b8ee80ccc8598d23a7d34d') in 0.016626 seconds 
  Import took 0.020708 seconds .

========================================================================
Received Import Request.
  Time since last request: 20.040811 seconds.
  path: Assets/Shader/Stencil/Hole.mat
  artifactKey: Guid(4cedfd8138225e2488c71a20404c846a) Importer(815301076,1909f56bfc062723c751e8b465ee728b)
Start importing Assets/Shader/Stencil/Hole.mat using Guid(4cedfd8138225e2488c71a20404c846a) Importer(815301076,1909f56bfc062723c751e8b465ee728b)  -> (artifact id: 'ab3fc5693e8fe6fd4e1f3c7f2e0b3fcc') in 0.012695 seconds 
  Import took 0.016981 seconds .

========================================================================
Received Import Request.
  Time since last request: 201.594191 seconds.
  path: Assets/Shader/MyShayderUnlitParabola.shader
  artifactKey: Guid(0aa022901f7f19a49a2b8b54052a8183) Importer(815301076,1909f56bfc062723c751e8b465ee728b)
Start importing Assets/Shader/MyShayderUnlitParabola.shader using Guid(0aa022901f7f19a49a2b8b54052a8183) Importer(815301076,1909f56bfc062723c751e8b465ee728b)  -> (artifact id: '43e7670ceb0a3c8f67b063c0b0af78e5') in 0.004263 seconds 
  Import took 0.008322 seconds .

========================================================================
Received Import Request.
  Time since last request: 32.965717 seconds.
  path: Assets/Shader/MyShayderUnlitPlanet.shader
  artifactKey: Guid(37c5595a599a5d844bf13424ccdddfca) Importer(815301076,1909f56bfc062723c751e8b465ee728b)
Start importing Assets/Shader/MyShayderUnlitPlanet.shader using Guid(37c5595a599a5d844bf13424ccdddfca) Importer(815301076,1909f56bfc062723c751e8b465ee728b)  -> (artifact id: '8e749b07d429dda73e42ca96bafdbfc3') in 0.004180 seconds 
  Import took 0.009178 seconds .

========================================================================
Received Import Request.
  Time since last request: 62.050492 seconds.
  path: Assets/Scenes
  artifactKey: Guid(a2da9357ae8143d4da9278ff97749a89) Importer(815301076,1909f56bfc062723c751e8b465ee728b)
Start importing Assets/Scenes using Guid(a2da9357ae8143d4da9278ff97749a89) Importer(815301076,1909f56bfc062723c751e8b465ee728b)  -> (artifact id: 'd62e08afa2d917e8b5af36dc9cf616a9') in 0.009666 seconds 
  Import took 0.015461 seconds .

========================================================================
Received Import Request.
  Time since last request: 221.496981 seconds.
  path: Assets/Shader/Stencil/Hole.mat
  artifactKey: Guid(4cedfd8138225e2488c71a20404c846a) Importer(815301076,1909f56bfc062723c751e8b465ee728b)
Start importing Assets/Shader/Stencil/Hole.mat using Guid(4cedfd8138225e2488c71a20404c846a) Importer(815301076,1909f56bfc062723c751e8b465ee728b)  -> (artifact id: '461b54a07506e26f7f16b0a3c19cde16') in 0.034717 seconds 
  Import took 0.040849 seconds .

========================================================================
Received Import Request.
  Time since last request: 0.000432 seconds.
  path: Assets/Shader/Stencil/Plane.mat
  artifactKey: Guid(90edaea03dbaa3246b28f37800c46be8) Importer(815301076,1909f56bfc062723c751e8b465ee728b)
Start importing Assets/Shader/Stencil/Plane.mat using Guid(90edaea03dbaa3246b28f37800c46be8) Importer(815301076,1909f56bfc062723c751e8b465ee728b)  -> (artifact id: 'd921bfdc2722185607b2ec9846451232') in 0.021538 seconds 
  Import took 0.025445 seconds .

========================================================================
Received Import Request.
  Time since last request: 4393.647232 seconds.
  path: Assets/Shader/Stencil/Plane.mat
  artifactKey: Guid(90edaea03dbaa3246b28f37800c46be8) Importer(815301076,1909f56bfc062723c751e8b465ee728b)
Start importing Assets/Shader/Stencil/Plane.mat using Guid(90edaea03dbaa3246b28f37800c46be8) Importer(815301076,1909f56bfc062723c751e8b465ee728b)  -> (artifact id: '8399a49a608fe0c46813deb3c92b8e4a') in 0.128442 seconds 
  Import took 0.135300 seconds .

